Using pre-set license
Built from '2020.3/release' branch; Version is '2020.3.2f1 (8fd9074bf66c) revision 9427207'; Using compiler version '192528614'; Build Type 'Release'
OS: 'Windows 10 Home; OS build 19041.928; Version 2004; 64bit' Language: 'ru' Physical Memory: 8019 MB
BatchMode: 1, IsHumanControllingUs: 0, StartBugReporterOnCrash: 0, Is64bit: 1, IsPro: 0

 COMMAND LINE ARGUMENTS:
C:\Program Files\Unity\Hub\Editor\2020.3.2f1\Editor\Unity.exe
-adb2
-batchMode
-noUpm
-name
AssetImportWorker0
-projectPath
C:/gamedev/gameHok/Game
-logFile
Logs/AssetImportWorker0.log
-srvPort
62783
Successfully changed project path to: C:/gamedev/gameHok/Game
C:/gamedev/gameHok/Game
Using Asset Import Pipeline V2.
Refreshing native plugins compatible for Editor in 87.28 ms, found 0 plugins.
Preloading 0 native plugins for Editor in 0.00 ms.
Initialize engine version: 2020.3.2f1 (8fd9074bf66c)
[Subsystems] Discovering subsystems at path C:/Program Files/Unity/Hub/Editor/2020.3.2f1/Editor/Data/Resources/UnitySubsystems
[Subsystems] Discovering subsystems at path C:/gamedev/gameHok/Game/Assets
GfxDevice: creating device client; threaded=0
Direct3D:
    Version:  Direct3D 11.0 [level 11.0]
    Renderer: Intel(R) HD Graphics (ID=0x152)
    Vendor:   
    VRAM:     128 MB
    Driver:   10.18.10.4358
Initialize mono
Mono path[0] = 'C:/Program Files/Unity/Hub/Editor/2020.3.2f1/Editor/Data/Managed'
Mono path[1] = 'C:/Program Files/Unity/Hub/Editor/2020.3.2f1/Editor/Data/MonoBleedingEdge/lib/mono/unityjit'
Mono config path = 'C:/Program Files/Unity/Hub/Editor/2020.3.2f1/Editor/Data/MonoBleedingEdge/etc'
Using monoOptions --debugger-agent=transport=dt_socket,embedding=1,server=y,suspend=n,address=127.0.0.1:56044
Begin MonoManager ReloadAssembly
Registering precompiled unity dll's ...
Register platform support module: C:/Program Files/Unity/Hub/Editor/2020.3.2f1/Editor/Data/PlaybackEngines/WebGLSupport/UnityEditor.WebGL.Extensions.dll
Register platform support module: C:/Program Files/Unity/Hub/Editor/2020.3.2f1/Editor/Data/PlaybackEngines/WindowsStandaloneSupport/UnityEditor.WindowsStandalone.Extensions.dll
Registered in 0.005412 seconds.
Native extension for WindowsStandalone target not found
Native extension for WebGL target not found
Refreshing native plugins compatible for Editor in 32.12 ms, found 0 plugins.
Preloading 0 native plugins for Editor in 0.00 ms.
Invoked RoslynAnalysisRunner static constructor.
RoslynAnalysisRunner will not be running.
RoslynAnalysisRunner has terminated.
Mono: successfully reloaded assembly
- Completed reload, in  2.932 seconds
Platform modules already initialized, skipping
Registering precompiled user dll's ...
Registered in 0.001198 seconds.
Begin MonoManager ReloadAssembly
Native extension for WindowsStandalone target not found
Native extension for WebGL target not found
Refreshing native plugins compatible for Editor in 0.26 ms, found 0 plugins.
Preloading 0 native plugins for Editor in 0.00 ms.
Invoked RoslynAnalysisRunner static constructor.
RoslynAnalysisRunner will not be running.
RoslynAnalysisRunner has terminated.
Mono: successfully reloaded assembly
- Completed reload, in  1.188 seconds
Platform modules already initialized, skipping
========================================================================
Worker process is ready to serve import requests
Launched and connected shader compiler UnityShaderCompiler.exe after 0.07 seconds
Refreshing native plugins compatible for Editor in 0.32 ms, found 0 plugins.
Preloading 0 native plugins for Editor in 0.00 ms.
Unloading 1121 Unused Serialized files (Serialized files now loaded: 0)
System memory in use before: 57.4 MB.
System memory in use after: 57.5 MB.

Unloading 10 unused Assets to reduce memory usage. Loaded Objects now: 1563.
Total: 1.956500 ms (FindLiveObjects: 0.169600 ms CreateObjectMapping: 0.048900 ms MarkObjects: 1.627700 ms  DeleteObjects: 0.108200 ms)

========================================================================
Received Import Request.
  path: Assets/Scrips/ReactiveTarget.cs
  artifactKey: Guid(42ab5938e5889a041ad7a56b27f76200) Importer(815301076,1909f56bfc062723c751e8b465ee728b)
Start importing Assets/Scrips/ReactiveTarget.cs using Guid(42ab5938e5889a041ad7a56b27f76200) Importer(815301076,1909f56bfc062723c751e8b465ee728b)  -> (artifact id: '854ec5ee2f57452747b3a6f1e661fe7e') in 0.055078 seconds
  Import took 0.057489 seconds .

========================================================================
Received Prepare
Registering precompiled user dll's ...
Registered in 0.001260 seconds.
Begin MonoManager ReloadAssembly
Native extension for WindowsStandalone target not found
Native extension for WebGL target not found
Refreshing native plugins compatible for Editor in 0.26 ms, found 0 plugins.
Preloading 0 native plugins for Editor in 0.00 ms.
Invoked RoslynAnalysisRunner static constructor.
RoslynAnalysisRunner will not be running.
RoslynAnalysisRunner has terminated.
Mono: successfully reloaded assembly
- Completed reload, in  1.092 seconds
Platform modules already initialized, skipping
Refreshing native plugins compatible for Editor in 0.27 ms, found 0 plugins.
Preloading 0 native plugins for Editor in 0.00 ms.
Unloading 1116 Unused Serialized files (Serialized files now loaded: 0)
System memory in use before: 57.4 MB.
System memory in use after: 57.4 MB.

Unloading 5 unused Assets to reduce memory usage. Loaded Objects now: 1566.
Total: 2.346000 ms (FindLiveObjects: 0.199900 ms CreateObjectMapping: 0.098100 ms MarkObjects: 1.965200 ms  DeleteObjects: 0.080700 ms)

========================================================================
Received Prepare
Registering precompiled user dll's ...
Registered in 0.001164 seconds.
Begin MonoManager ReloadAssembly
Native extension for WindowsStandalone target not found
Native extension for WebGL target not found
Refreshing native plugins compatible for Editor in 0.27 ms, found 0 plugins.
Preloading 0 native plugins for Editor in 0.00 ms.
Invoked RoslynAnalysisRunner static constructor.
RoslynAnalysisRunner will not be running.
RoslynAnalysisRunner has terminated.
Mono: successfully reloaded assembly
- Completed reload, in  1.080 seconds
Platform modules already initialized, skipping
Refreshing native plugins compatible for Editor in 0.55 ms, found 0 plugins.
Preloading 0 native plugins for Editor in 0.00 ms.
Unloading 1116 Unused Serialized files (Serialized files now loaded: 0)
System memory in use before: 57.4 MB.
System memory in use after: 57.4 MB.

Unloading 5 unused Assets to reduce memory usage. Loaded Objects now: 1569.
Total: 2.852800 ms (FindLiveObjects: 0.833000 ms CreateObjectMapping: 0.101600 ms MarkObjects: 1.837400 ms  DeleteObjects: 0.078300 ms)

========================================================================
Received Prepare
Registering precompiled user dll's ...
Registered in 0.001204 seconds.
Begin MonoManager ReloadAssembly
Native extension for WindowsStandalone target not found
Native extension for WebGL target not found
Refreshing native plugins compatible for Editor in 0.27 ms, found 0 plugins.
Preloading 0 native plugins for Editor in 0.00 ms.
Invoked RoslynAnalysisRunner static constructor.
RoslynAnalysisRunner will not be running.
RoslynAnalysisRunner has terminated.
Mono: successfully reloaded assembly
- Completed reload, in  1.035 seconds
Platform modules already initialized, skipping
Refreshing native plugins compatible for Editor in 0.26 ms, found 0 plugins.
Preloading 0 native plugins for Editor in 0.00 ms.
Unloading 1116 Unused Serialized files (Serialized files now loaded: 0)
System memory in use before: 57.4 MB.
System memory in use after: 57.5 MB.

Unloading 5 unused Assets to reduce memory usage. Loaded Objects now: 1572.
Total: 1.945700 ms (FindLiveObjects: 0.172200 ms CreateObjectMapping: 0.060500 ms MarkObjects: 1.642100 ms  DeleteObjects: 0.069500 ms)

========================================================================
Received Import Request.
  Time since last request: 1520.051278 seconds.
  path: Assets/Enemy.prefab
  artifactKey: Guid(9ad79d37ca971954eae2f336d77bf7ce) Importer(815301076,1909f56bfc062723c751e8b465ee728b)
Start importing Assets/Enemy.prefab using Guid(9ad79d37ca971954eae2f336d77bf7ce) Importer(815301076,1909f56bfc062723c751e8b465ee728b)  -> (artifact id: 'd8012dbd4c93abb71d4ddce951a79cd3') in 0.107216 seconds
  Import took 0.109595 seconds .

========================================================================
Received Import Request.
  Time since last request: 170.256024 seconds.
  path: Assets/Scrips/SceneController.cs
  artifactKey: Guid(630e7043107f7d74b810f8402ffbd366) Importer(815301076,1909f56bfc062723c751e8b465ee728b)
Start importing Assets/Scrips/SceneController.cs using Guid(630e7043107f7d74b810f8402ffbd366) Importer(815301076,1909f56bfc062723c751e8b465ee728b)  -> (artifact id: '40c45e11ec2c44fe28b2687c4b3a0d93') in 0.008424 seconds
  Import took 0.011458 seconds .

========================================================================
Received Prepare
Registering precompiled user dll's ...
Registered in 0.001107 seconds.
Begin MonoManager ReloadAssembly
Native extension for WindowsStandalone target not found
Native extension for WebGL target not found
Refreshing native plugins compatible for Editor in 0.27 ms, found 0 plugins.
Preloading 0 native plugins for Editor in 0.00 ms.
Invoked RoslynAnalysisRunner static constructor.
RoslynAnalysisRunner will not be running.
RoslynAnalysisRunner has terminated.
Mono: successfully reloaded assembly
- Completed reload, in  1.294 seconds
Platform modules already initialized, skipping
Refreshing native plugins compatible for Editor in 0.27 ms, found 0 plugins.
Preloading 0 native plugins for Editor in 0.00 ms.
Unloading 1117 Unused Serialized files (Serialized files now loaded: 0)
System memory in use before: 60.5 MB.
System memory in use after: 60.6 MB.

Unloading 6 unused Assets to reduce memory usage. Loaded Objects now: 1584.
Total: 2.001000 ms (FindLiveObjects: 0.152700 ms CreateObjectMapping: 0.048700 ms MarkObjects: 1.712100 ms  DeleteObjects: 0.085700 ms)

========================================================================
Received Prepare
Registering precompiled user dll's ...
Registered in 0.001259 seconds.
Begin MonoManager ReloadAssembly
Native extension for WindowsStandalone target not found
Native extension for WebGL target not found
Refreshing native plugins compatible for Editor in 0.28 ms, found 0 plugins.
Preloading 0 native plugins for Editor in 0.00 ms.
Invoked RoslynAnalysisRunner static constructor.
RoslynAnalysisRunner will not be running.
RoslynAnalysisRunner has terminated.
Mono: successfully reloaded assembly
- Completed reload, in  1.131 seconds
Platform modules already initialized, skipping
Refreshing native plugins compatible for Editor in 0.27 ms, found 0 plugins.
Preloading 0 native plugins for Editor in 0.00 ms.
Unloading 1117 Unused Serialized files (Serialized files now loaded: 0)
System memory in use before: 60.5 MB.
System memory in use after: 60.6 MB.

Unloading 5 unused Assets to reduce memory usage. Loaded Objects now: 1587.
Total: 2.264900 ms (FindLiveObjects: 0.195600 ms CreateObjectMapping: 0.098000 ms MarkObjects: 1.897200 ms  DeleteObjects: 0.072000 ms)

========================================================================
Received Import Request.
  Time since last request: 170.620332 seconds.
  path: Assets/Scrips/SceneController.cs
  artifactKey: Guid(630e7043107f7d74b810f8402ffbd366) Importer(815301076,1909f56bfc062723c751e8b465ee728b)
Start importing Assets/Scrips/SceneController.cs using Guid(630e7043107f7d74b810f8402ffbd366) Importer(815301076,1909f56bfc062723c751e8b465ee728b)  -> (artifact id: 'f75f5c04dec40a6f0f810780daaa794a') in 0.006023 seconds
  Import took 0.008496 seconds .

========================================================================
Received Prepare
Registering precompiled user dll's ...
Registered in 0.001580 seconds.
Begin MonoManager ReloadAssembly
Native extension for WindowsStandalone target not found
Native extension for WebGL target not found
Refreshing native plugins compatible for Editor in 0.26 ms, found 0 plugins.
Preloading 0 native plugins for Editor in 0.00 ms.
Invoked RoslynAnalysisRunner static constructor.
RoslynAnalysisRunner will not be running.
RoslynAnalysisRunner has terminated.
Mono: successfully reloaded assembly
- Completed reload, in  1.117 seconds
Platform modules already initialized, skipping
Refreshing native plugins compatible for Editor in 0.27 ms, found 0 plugins.
Preloading 0 native plugins for Editor in 0.00 ms.
Unloading 1117 Unused Serialized files (Serialized files now loaded: 0)
System memory in use before: 60.6 MB.
System memory in use after: 60.6 MB.

Unloading 5 unused Assets to reduce memory usage. Loaded Objects now: 1590.
Total: 2.115700 ms (FindLiveObjects: 0.167400 ms CreateObjectMapping: 0.052700 ms MarkObjects: 1.799400 ms  DeleteObjects: 0.094000 ms)

========================================================================
Received Import Request.
  Time since last request: 139.490481 seconds.
  path: Assets/Scrips/SceneController.cs
  artifactKey: Guid(630e7043107f7d74b810f8402ffbd366) Importer(815301076,1909f56bfc062723c751e8b465ee728b)
Start importing Assets/Scrips/SceneController.cs using Guid(630e7043107f7d74b810f8402ffbd366) Importer(815301076,1909f56bfc062723c751e8b465ee728b)  -> (artifact id: 'efcf69a0c61b3d29f9a6b46cbdc98e9c') in 0.005939 seconds
  Import took 0.008523 seconds .

========================================================================
Received Prepare
Registering precompiled user dll's ...
Registered in 0.001427 seconds.
Begin MonoManager ReloadAssembly
Native extension for WindowsStandalone target not found
Native extension for WebGL target not found
Refreshing native plugins compatible for Editor in 0.26 ms, found 0 plugins.
Preloading 0 native plugins for Editor in 0.00 ms.
Invoked RoslynAnalysisRunner static constructor.
RoslynAnalysisRunner will not be running.
RoslynAnalysisRunner has terminated.
Mono: successfully reloaded assembly
- Completed reload, in  1.069 seconds
Platform modules already initialized, skipping
Refreshing native plugins compatible for Editor in 0.26 ms, found 0 plugins.
Preloading 0 native plugins for Editor in 0.00 ms.
Unloading 1117 Unused Serialized files (Serialized files now loaded: 0)
System memory in use before: 60.6 MB.
System memory in use after: 60.6 MB.

Unloading 5 unused Assets to reduce memory usage. Loaded Objects now: 1593.
Total: 1.942100 ms (FindLiveObjects: 0.171200 ms CreateObjectMapping: 0.050100 ms MarkObjects: 1.645400 ms  DeleteObjects: 0.073700 ms)

========================================================================
Received Import Request.
  Time since last request: 860.813078 seconds.
  path: Assets/Scrips/Fireball.cs
  artifactKey: Guid(8460d7deeddef4b4e8a218189a28e673) Importer(815301076,1909f56bfc062723c751e8b465ee728b)
Start importing Assets/Scrips/Fireball.cs using Guid(8460d7deeddef4b4e8a218189a28e673) Importer(815301076,1909f56bfc062723c751e8b465ee728b)  -> (artifact id: 'c827d0ff3939d2235d4e3cd8178bf0e2') in 0.012297 seconds
  Import took 0.015541 seconds .

========================================================================
Received Prepare
Registering precompiled user dll's ...
Registered in 0.001158 seconds.
Begin MonoManager ReloadAssembly
Native extension for WindowsStandalone target not found
Native extension for WebGL target not found
Refreshing native plugins compatible for Editor in 0.25 ms, found 0 plugins.
Preloading 0 native plugins for Editor in 0.00 ms.
Invoked RoslynAnalysisRunner static constructor.
RoslynAnalysisRunner will not be running.
RoslynAnalysisRunner has terminated.
Mono: successfully reloaded assembly
- Completed reload, in  1.121 seconds
Platform modules already initialized, skipping
Refreshing native plugins compatible for Editor in 0.25 ms, found 0 plugins.
Preloading 0 native plugins for Editor in 0.00 ms.
Unloading 1118 Unused Serialized files (Serialized files now loaded: 0)
System memory in use before: 60.6 MB.
System memory in use after: 60.7 MB.

Unloading 5 unused Assets to reduce memory usage. Loaded Objects now: 1597.
Total: 1.950900 ms (FindLiveObjects: 0.166100 ms CreateObjectMapping: 0.049000 ms MarkObjects: 1.661100 ms  DeleteObjects: 0.072800 ms)

========================================================================
Received Import Request.
  Time since last request: 49.508155 seconds.
  path: Assets/Flame.mat
  artifactKey: Guid(fb4b3006c0e28224189fc27f51a2d254) Importer(815301076,1909f56bfc062723c751e8b465ee728b)
Start importing Assets/Flame.mat using Guid(fb4b3006c0e28224189fc27f51a2d254) Importer(815301076,1909f56bfc062723c751e8b465ee728b)  -> (artifact id: 'dcb14f414f690c9018b4c1086171128a') in 0.113168 seconds
  Import took 0.115881 seconds .

========================================================================
Received Import Request.
  Time since last request: 135.868298 seconds.
  path: Assets/Fireball.prefab
  artifactKey: Guid(04f1fc2fb51816740ac2f890957fa283) Importer(815301076,1909f56bfc062723c751e8b465ee728b)
Start importing Assets/Fireball.prefab using Guid(04f1fc2fb51816740ac2f890957fa283) Importer(815301076,1909f56bfc062723c751e8b465ee728b)  -> (artifact id: 'dfdd5e7282499f97ac0ec1cc4d1cf032') in 0.054929 seconds
  Import took 0.057782 seconds .

========================================================================
Received Import Request.
  Time since last request: 0.007241 seconds.
  path: Assets/Fireball.prefab
  artifactKey: Guid(04f1fc2fb51816740ac2f890957fa283) Importer(815301076,1909f56bfc062723c751e8b465ee728b)
Start importing Assets/Fireball.prefab using Guid(04f1fc2fb51816740ac2f890957fa283) Importer(815301076,1909f56bfc062723c751e8b465ee728b)  -> (artifact id: 'dfdd5e7282499f97ac0ec1cc4d1cf032') in 0.013715 seconds
  Import took 0.016446 seconds .

========================================================================
Received Import Request.
  Time since last request: 21.529266 seconds.
  path: Assets/Flame.mat
  artifactKey: Guid(fb4b3006c0e28224189fc27f51a2d254) Importer(815301076,1909f56bfc062723c751e8b465ee728b)
Start importing Assets/Flame.mat using Guid(fb4b3006c0e28224189fc27f51a2d254) Importer(815301076,1909f56bfc062723c751e8b465ee728b)  -> (artifact id: 'a7ad0d24145356b11b13806eed4ae094') in 0.043230 seconds
  Import took 0.046454 seconds .

========================================================================
Received Import Request.
  Time since last request: 3.381036 seconds.
  path: Assets/Fireball.prefab
  artifactKey: Guid(04f1fc2fb51816740ac2f890957fa283) Importer(815301076,1909f56bfc062723c751e8b465ee728b)
Start importing Assets/Fireball.prefab using Guid(04f1fc2fb51816740ac2f890957fa283) Importer(815301076,1909f56bfc062723c751e8b465ee728b)  -> (artifact id: 'c6852d5a42e4fe1acb5554dfab74743f') in 0.056674 seconds
  Import took 0.059692 seconds .

========================================================================
Received Import Request.
  Time since last request: 0.003783 seconds.
  path: Assets/Fireball.prefab
  artifactKey: Guid(04f1fc2fb51816740ac2f890957fa283) Importer(815301076,1909f56bfc062723c751e8b465ee728b)
Start importing Assets/Fireball.prefab using Guid(04f1fc2fb51816740ac2f890957fa283) Importer(815301076,1909f56bfc062723c751e8b465ee728b)  -> (artifact id: 'c6852d5a42e4fe1acb5554dfab74743f') in 0.014768 seconds
  Import took 0.021700 seconds .

========================================================================
Received Import Request.
  Time since last request: 101.925155 seconds.
  path: Assets/Scrips/PlayerCharacter.cs
  artifactKey: Guid(02d46fba37c848e4a974442c2df7c8d0) Importer(815301076,1909f56bfc062723c751e8b465ee728b)
Start importing Assets/Scrips/PlayerCharacter.cs using Guid(02d46fba37c848e4a974442c2df7c8d0) Importer(815301076,1909f56bfc062723c751e8b465ee728b)  -> (artifact id: '3fb9834f3b5bac5c3740cadf1bc29d20') in 0.005916 seconds
  Import took 0.008756 seconds .

========================================================================
Received Prepare
Registering precompiled user dll's ...
Registered in 0.001130 seconds.
Begin MonoManager ReloadAssembly
Native extension for WindowsStandalone target not found
Native extension for WebGL target not found
Refreshing native plugins compatible for Editor in 0.26 ms, found 0 plugins.
Preloading 0 native plugins for Editor in 0.00 ms.
Invoked RoslynAnalysisRunner static constructor.
RoslynAnalysisRunner will not be running.
RoslynAnalysisRunner has terminated.
Mono: successfully reloaded assembly
- Completed reload, in  1.152 seconds
Platform modules already initialized, skipping
Refreshing native plugins compatible for Editor in 0.26 ms, found 0 plugins.
Preloading 0 native plugins for Editor in 0.00 ms.
Unloading 1119 Unused Serialized files (Serialized files now loaded: 0)
System memory in use before: 60.9 MB.
System memory in use after: 60.9 MB.

Unloading 6 unused Assets to reduce memory usage. Loaded Objects now: 1636.
Total: 2.058300 ms (FindLiveObjects: 0.175900 ms CreateObjectMapping: 0.048700 ms MarkObjects: 1.748900 ms  DeleteObjects: 0.082800 ms)

========================================================================
Received Prepare
Registering precompiled user dll's ...
Registered in 0.001282 seconds.
Begin MonoManager ReloadAssembly
Native extension for WindowsStandalone target not found
Native extension for WebGL target not found
Refreshing native plugins compatible for Editor in 0.26 ms, found 0 plugins.
Preloading 0 native plugins for Editor in 0.00 ms.
Invoked RoslynAnalysisRunner static constructor.
RoslynAnalysisRunner will not be running.
RoslynAnalysisRunner has terminated.
Mono: successfully reloaded assembly
- Completed reload, in  1.116 seconds
Platform modules already initialized, skipping
Refreshing native plugins compatible for Editor in 0.28 ms, found 0 plugins.
Preloading 0 native plugins for Editor in 0.00 ms.
Unloading 1119 Unused Serialized files (Serialized files now loaded: 0)
System memory in use before: 60.9 MB.
System memory in use after: 61.0 MB.

Unloading 5 unused Assets to reduce memory usage. Loaded Objects now: 1639.
Total: 2.725400 ms (FindLiveObjects: 0.427500 ms CreateObjectMapping: 0.235200 ms MarkObjects: 1.968700 ms  DeleteObjects: 0.091100 ms)

========================================================================
Received Import Request.
  Time since last request: 567.141049 seconds.
  path: Assets/Enemy.prefab
  artifactKey: Guid(9ad79d37ca971954eae2f336d77bf7ce) Importer(815301076,1909f56bfc062723c751e8b465ee728b)
Start importing Assets/Enemy.prefab using Guid(9ad79d37ca971954eae2f336d77bf7ce) Importer(815301076,1909f56bfc062723c751e8b465ee728b)  -> (artifact id: 'b3b435cd40fbc39374875b45ab18b15b') in 0.073744 seconds
  Import took 0.076496 seconds .

========================================================================
Received Import Request.
  Time since last request: 33.604731 seconds.
  path: Assets/Enemy.prefab
  artifactKey: Guid(9ad79d37ca971954eae2f336d77bf7ce) Importer(815301076,1909f56bfc062723c751e8b465ee728b)
Start importing Assets/Enemy.prefab using Guid(9ad79d37ca971954eae2f336d77bf7ce) Importer(815301076,1909f56bfc062723c751e8b465ee728b)  -> (artifact id: 'd3739511ac39e7e507ee391549497227') in 0.045598 seconds
  Import took 0.048284 seconds .

========================================================================
Received Prepare
Registering precompiled user dll's ...
Registered in 0.001257 seconds.
Begin MonoManager ReloadAssembly
Native extension for WindowsStandalone target not found
Native extension for WebGL target not found
Refreshing native plugins compatible for Editor in 0.27 ms, found 0 plugins.
Preloading 0 native plugins for Editor in 0.00 ms.
Invoked RoslynAnalysisRunner static constructor.
RoslynAnalysisRunner will not be running.
RoslynAnalysisRunner has terminated.
Mono: successfully reloaded assembly
- Completed reload, in  1.066 seconds
Platform modules already initialized, skipping
Refreshing native plugins compatible for Editor in 0.27 ms, found 0 plugins.
Preloading 0 native plugins for Editor in 0.00 ms.
Unloading 1119 Unused Serialized files (Serialized files now loaded: 0)
System memory in use before: 60.9 MB.
System memory in use after: 61.0 MB.

Unloading 6 unused Assets to reduce memory usage. Loaded Objects now: 1643.
Total: 1.946600 ms (FindLiveObjects: 0.189300 ms CreateObjectMapping: 0.050600 ms MarkObjects: 1.619400 ms  DeleteObjects: 0.085700 ms)

========================================================================
Received Prepare
Registering precompiled user dll's ...
Registered in 0.001161 seconds.
Begin MonoManager ReloadAssembly
Native extension for WindowsStandalone target not found
Native extension for WebGL target not found
Refreshing native plugins compatible for Editor in 0.26 ms, found 0 plugins.
Preloading 0 native plugins for Editor in 0.00 ms.
Invoked RoslynAnalysisRunner static constructor.
RoslynAnalysisRunner will not be running.
RoslynAnalysisRunner has terminated.
Mono: successfully reloaded assembly
- Completed reload, in  1.081 seconds
Platform modules already initialized, skipping
Refreshing native plugins compatible for Editor in 0.26 ms, found 0 plugins.
Preloading 0 native plugins for Editor in 0.00 ms.
Unloading 1119 Unused Serialized files (Serialized files now loaded: 0)
System memory in use before: 60.9 MB.
System memory in use after: 61.0 MB.

Unloading 5 unused Assets to reduce memory usage. Loaded Objects now: 1646.
Total: 2.098700 ms (FindLiveObjects: 0.172900 ms CreateObjectMapping: 0.050300 ms MarkObjects: 1.801800 ms  DeleteObjects: 0.071700 ms)

========================================================================
Received Import Request.
  Time since last request: 721.657613 seconds.
  path: Assets/Scrips/Fireball.cs
  artifactKey: Guid(8460d7deeddef4b4e8a218189a28e673) Importer(815301076,1909f56bfc062723c751e8b465ee728b)
Start importing Assets/Scrips/Fireball.cs using Guid(8460d7deeddef4b4e8a218189a28e673) Importer(815301076,1909f56bfc062723c751e8b465ee728b)  -> (artifact id: '8b5f88651115df0ba8b014b8a3096af6') in 0.005761 seconds
  Import took 0.008281 seconds .

========================================================================
Received Prepare
Registering precompiled user dll's ...
Registered in 0.001378 seconds.
Begin MonoManager ReloadAssembly
Native extension for WindowsStandalone target not found
Native extension for WebGL target not found
Refreshing native plugins compatible for Editor in 0.25 ms, found 0 plugins.
Preloading 0 native plugins for Editor in 0.00 ms.
Invoked RoslynAnalysisRunner static constructor.
RoslynAnalysisRunner will not be running.
RoslynAnalysisRunner has terminated.
Mono: successfully reloaded assembly
- Completed reload, in  1.092 seconds
Platform modules already initialized, skipping
Refreshing native plugins compatible for Editor in 0.27 ms, found 0 plugins.
Preloading 0 native plugins for Editor in 0.00 ms.
Unloading 1119 Unused Serialized files (Serialized files now loaded: 0)
System memory in use before: 60.9 MB.
System memory in use after: 61.0 MB.

Unloading 5 unused Assets to reduce memory usage. Loaded Objects now: 1649.
Total: 1.901300 ms (FindLiveObjects: 0.154300 ms CreateObjectMapping: 0.048600 ms MarkObjects: 1.619400 ms  DeleteObjects: 0.077500 ms)

========================================================================
Received Prepare
Registering precompiled user dll's ...
Registered in 0.001159 seconds.
Begin MonoManager ReloadAssembly
Native extension for WindowsStandalone target not found
Native extension for WebGL target not found
Refreshing native plugins compatible for Editor in 0.28 ms, found 0 plugins.
Preloading 0 native plugins for Editor in 0.00 ms.
Invoked RoslynAnalysisRunner static constructor.
RoslynAnalysisRunner will not be running.
RoslynAnalysisRunner has terminated.
Mono: successfully reloaded assembly
- Completed reload, in  1.079 seconds
Platform modules already initialized, skipping
Refreshing native plugins compatible for Editor in 0.27 ms, found 0 plugins.
Preloading 0 native plugins for Editor in 0.00 ms.
Unloading 1119 Unused Serialized files (Serialized files now loaded: 0)
System memory in use before: 60.9 MB.
System memory in use after: 61.0 MB.

Unloading 5 unused Assets to reduce memory usage. Loaded Objects now: 1652.
Total: 1.884500 ms (FindLiveObjects: 0.160100 ms CreateObjectMapping: 0.047400 ms MarkObjects: 1.593200 ms  DeleteObjects: 0.082500 ms)

========================================================================
Received Prepare
Registering precompiled user dll's ...
Registered in 0.001294 seconds.
Begin MonoManager ReloadAssembly
Native extension for WindowsStandalone target not found
Native extension for WebGL target not found
Refreshing native plugins compatible for Editor in 0.28 ms, found 0 plugins.
Preloading 0 native plugins for Editor in 0.00 ms.
Invoked RoslynAnalysisRunner static constructor.
RoslynAnalysisRunner will not be running.
RoslynAnalysisRunner has terminated.
Mono: successfully reloaded assembly
- Completed reload, in  1.145 seconds
Platform modules already initialized, skipping
Refreshing native plugins compatible for Editor in 0.28 ms, found 0 plugins.
Preloading 0 native plugins for Editor in 0.00 ms.
Unloading 1119 Unused Serialized files (Serialized files now loaded: 0)
System memory in use before: 60.9 MB.
System memory in use after: 61.0 MB.

Unloading 5 unused Assets to reduce memory usage. Loaded Objects now: 1655.
Total: 2.347900 ms (FindLiveObjects: 0.229700 ms CreateObjectMapping: 0.100700 ms MarkObjects: 1.930600 ms  DeleteObjects: 0.084800 ms)

========================================================================
Received Prepare
Registering precompiled user dll's ...
Registered in 0.001796 seconds.
Begin MonoManager ReloadAssembly
Native extension for WindowsStandalone target not found
Native extension for WebGL target not found
Refreshing native plugins compatible for Editor in 0.26 ms, found 0 plugins.
Preloading 0 native plugins for Editor in 0.00 ms.
Invoked RoslynAnalysisRunner static constructor.
RoslynAnalysisRunner will not be running.
RoslynAnalysisRunner has terminated.
Mono: successfully reloaded assembly
- Completed reload, in  1.114 seconds
Platform modules already initialized, skipping
Refreshing native plugins compatible for Editor in 0.27 ms, found 0 plugins.
Preloading 0 native plugins for Editor in 0.00 ms.
Unloading 1119 Unused Serialized files (Serialized files now loaded: 0)
System memory in use before: 60.9 MB.
System memory in use after: 61.0 MB.

Unloading 5 unused Assets to reduce memory usage. Loaded Objects now: 1658.
Total: 1.982900 ms (FindLiveObjects: 0.166700 ms CreateObjectMapping: 0.048700 ms MarkObjects: 1.682100 ms  DeleteObjects: 0.083300 ms)

========================================================================
Received Import Request.
  Time since last request: 443.890591 seconds.
  path: Assets/Scrips/PlayerCharacter.cs
  artifactKey: Guid(02d46fba37c848e4a974442c2df7c8d0) Importer(815301076,1909f56bfc062723c751e8b465ee728b)
Start importing Assets/Scrips/PlayerCharacter.cs using Guid(02d46fba37c848e4a974442c2df7c8d0) Importer(815301076,1909f56bfc062723c751e8b465ee728b)  -> (artifact id: 'df156f085350bacd4bcd7162ba63e059') in 0.006045 seconds
  Import took 0.008507 seconds .

========================================================================
Received Prepare
Registering precompiled user dll's ...
Registered in 0.002412 seconds.
Begin MonoManager ReloadAssembly
Native extension for WindowsStandalone target not found
Native extension for WebGL target not found
Refreshing native plugins compatible for Editor in 0.26 ms, found 0 plugins.
Preloading 0 native plugins for Editor in 0.00 ms.
Invoked RoslynAnalysisRunner static constructor.
RoslynAnalysisRunner will not be running.
RoslynAnalysisRunner has terminated.
Mono: successfully reloaded assembly
- Completed reload, in  1.116 seconds
Platform modules already initialized, skipping
Refreshing native plugins compatible for Editor in 0.27 ms, found 0 plugins.
Preloading 0 native plugins for Editor in 0.00 ms.
Unloading 1119 Unused Serialized files (Serialized files now loaded: 0)
System memory in use before: 60.9 MB.
System memory in use after: 61.0 MB.

Unloading 5 unused Assets to reduce memory usage. Loaded Objects now: 1661.
Total: 2.164800 ms (FindLiveObjects: 0.173000 ms CreateObjectMapping: 0.054400 ms MarkObjects: 1.857100 ms  DeleteObjects: 0.078000 ms)

========================================================================
Received Prepare
Registering precompiled user dll's ...
Registered in 0.001171 seconds.
Begin MonoManager ReloadAssembly
Native extension for WindowsStandalone target not found
Native extension for WebGL target not found
Refreshing native plugins compatible for Editor in 0.25 ms, found 0 plugins.
Preloading 0 native plugins for Editor in 0.00 ms.
Invoked RoslynAnalysisRunner static constructor.
RoslynAnalysisRunner will not be running.
RoslynAnalysisRunner has terminated.
Mono: successfully reloaded assembly
- Completed reload, in  0.982 seconds
Platform modules already initialized, skipping
Refreshing native plugins compatible for Editor in 0.27 ms, found 0 plugins.
Preloading 0 native plugins for Editor in 0.00 ms.
Unloading 1119 Unused Serialized files (Serialized files now loaded: 0)
System memory in use before: 60.9 MB.
System memory in use after: 61.0 MB.

Unloading 5 unused Assets to reduce memory usage. Loaded Objects now: 1664.
Total: 2.300400 ms (FindLiveObjects: 0.225100 ms CreateObjectMapping: 0.104600 ms MarkObjects: 1.889000 ms  DeleteObjects: 0.079400 ms)

AssetImportWorkerClient::OnTransportError - code=2 error=End of file
